<!DOCTYPE html>

<html>
  <head>
  <meta charset='utf-8'>
  <title>TestNG reports</title>

    <link type="text/css" href="testng-reports.css" rel="stylesheet" />
    <script type="text/javascript" src="jquery-1.7.1.min.js"></script>
    <script type="text/javascript" src="testng-reports.js"></script>
    <script type="text/javascript" src="https://www.google.com/jsapi"></script>
    <script type='text/javascript'>
      google.load('visualization', '1', {packages:['table']});
      google.setOnLoadCallback(drawTable);
      var suiteTableInitFunctions = new Array();
      var suiteTableData = new Array();
    </script>
    <!--
      <script type="text/javascript" src="jquery-ui/js/jquery-ui-1.8.16.custom.min.js"></script>
     -->
  </head>

  <body>
    <div class="top-banner-root">
      <span class="top-banner-title-font">Test results</span>
      <br/>
      <span class="top-banner-font-1">1 suite, 5 failed tests</span>
    </div> <!-- top-banner-root -->
    <div class="navigator-root">
      <div class="navigator-suite-header">
        <span>All suites</span>
        <a href="#" class="collapse-all-link" title="Collapse/expand all the suites">
          <img class="collapse-all-icon" src="collapseall.gif">
          </img> <!-- collapse-all-icon -->
        </a> <!-- collapse-all-link -->
      </div> <!-- navigator-suite-header -->
      <div class="suite">
        <div class="rounded-window">
          <div class="suite-header light-rounded-window-top">
            <a href="#" class="navigator-link" panel-name="suite-Suite">
              <span class="suite-name border-failed">Suite</span>
            </a> <!-- navigator-link -->
          </div> <!-- suite-header light-rounded-window-top -->
          <div class="navigator-suite-content">
            <div class="suite-section-title">
              <span>Info</span>
            </div> <!-- suite-section-title -->
            <div class="suite-section-content">
              <ul>
                <li>
                  <a href="#" class="navigator-link " panel-name="test-xml-Suite">
                    <span>D:\myEclipseWorkspace\IrPolihas_H_w-2_Aut_test\testng.xml</span>
                  </a> <!-- navigator-link  -->
                </li>
                <li>
                  <a href="#" class="navigator-link " panel-name="testlist-Suite">
                    <span class="test-stats">2 tests</span>
                  </a> <!-- navigator-link  -->
                </li>
                <li>
                  <a href="#" class="navigator-link " panel-name="group-Suite">
                    <span>0 groups</span>
                  </a> <!-- navigator-link  -->
                </li>
                <li>
                  <a href="#" class="navigator-link " panel-name="times-Suite">
                    <span>Times</span>
                  </a> <!-- navigator-link  -->
                </li>
                <li>
                  <a href="#" class="navigator-link " panel-name="reporter-Suite">
                    <span>Reporter output</span>
                  </a> <!-- navigator-link  -->
                </li>
                <li>
                  <a href="#" class="navigator-link " panel-name="ignored-methods-Suite">
                    <span>Ignored methods</span>
                  </a> <!-- navigator-link  -->
                </li>
                <li>
                  <a href="#" class="navigator-link " panel-name="chronological-Suite">
                    <span>Chronological view</span>
                  </a> <!-- navigator-link  -->
                </li>
              </ul>
            </div> <!-- suite-section-content -->
            <div class="result-section">
              <div class="suite-section-title">
                <span>Results</span>
              </div> <!-- suite-section-title -->
              <div class="suite-section-content">
                <ul>
                  <li>
                    <span class="method-stats">12 methods, 5 failed,   7 passed</span>
                  </li>
                  <li>
                    <span class="method-list-title failed">Failed methods</span>
                    <span class="show-or-hide-methods failed">
                      <a href="#" panel-name="suite-Suite" class="hide-methods failed suite-Suite"> (hide)</a> <!-- hide-methods failed suite-Suite -->
                      <a href="#" panel-name="suite-Suite" class="show-methods failed suite-Suite"> (show)</a> <!-- show-methods failed suite-Suite -->
                    </span>
                    <div class="method-list-content failed suite-Suite">
                      <span>
                        <img width="3%" src="failed.png"/>
                        <a href="#" class="method navigator-link" panel-name="suite-Suite" title="com.softserve.edu.junit.LVTAQC_42_test" hash-for-method="IsNotRegistWithoutComfEmail">IsNotRegistWithoutComfEmail</a> <!-- method navigator-link -->
                      </span>
                      <br/>
                      <span>
                        <img width="3%" src="failed.png"/>
                        <a href="#" class="method navigator-link" panel-name="suite-Suite" title="com.softserve.edu.junit.LVTAQC_46_test" hash-for-method="checkLogInwithInValidPassword(com.softserve.edu.User@54acff7d)">checkLogInwithInValidPassword(com.softserve.edu.User@54acff7d)</a> <!-- method navigator-link -->
                      </span>
                      <br/>
                      <span>
                        <img width="3%" src="failed.png"/>
                        <a href="#" class="method navigator-link" panel-name="suite-Suite" title="com.softserve.edu.junit.LVTAQC_46_test" hash-for-method="checkLogInwithInValidPassword(com.softserve.edu.User@aa21042)">checkLogInwithInValidPassword(com.softserve.edu.User@aa21042)</a> <!-- method navigator-link -->
                      </span>
                      <br/>
                      <span>
                        <img width="3%" src="failed.png"/>
                        <a href="#" class="method navigator-link" panel-name="suite-Suite" title="com.softserve.edu.junit.LVTAQC_46_test" hash-for-method="checkLogInwithInValidPassword(com.softserve.edu.User@6b04acb2)">checkLogInwithInValidPassword(com.softserve.edu.User@6b04acb2)</a> <!-- method navigator-link -->
                      </span>
                      <br/>
                      <span>
                        <img width="3%" src="failed.png"/>
                        <a href="#" class="method navigator-link" panel-name="suite-Suite" title="com.softserve.edu.junit.LVTAQC_46_test" hash-for-method="checkLogInwithInValidPassword(com.softserve.edu.User@41d7b27f)">checkLogInwithInValidPassword(com.softserve.edu.User@41d7b27f)</a> <!-- method navigator-link -->
                      </span>
                      <br/>
                    </div> <!-- method-list-content failed suite-Suite -->
                  </li>
                  <li>
                    <span class="method-list-title passed">Passed methods</span>
                    <span class="show-or-hide-methods passed">
                      <a href="#" panel-name="suite-Suite" class="hide-methods passed suite-Suite"> (hide)</a> <!-- hide-methods passed suite-Suite -->
                      <a href="#" panel-name="suite-Suite" class="show-methods passed suite-Suite"> (show)</a> <!-- show-methods passed suite-Suite -->
                    </span>
                    <div class="method-list-content passed suite-Suite">
                      <span>
                        <img width="3%" src="passed.png"/>
                        <a href="#" class="method navigator-link" panel-name="suite-Suite" title="com.softserve.edu.junit.LVTAQC_58_test" hash-for-method="IsErrorMessageToEmptyEmailField">IsErrorMessageToEmptyEmailField</a> <!-- method navigator-link -->
                      </span>
                      <br/>
                      <span>
                        <img width="3%" src="passed.png"/>
                        <a href="#" class="method navigator-link" panel-name="suite-Suite" title="com.softserve.edu.junit.SignIn_Smoke_test" hash-for-method="IsPresentSignInElement">IsPresentSignInElement</a> <!-- method navigator-link -->
                      </span>
                      <br/>
                      <span>
                        <img width="3%" src="passed.png"/>
                        <a href="#" class="method navigator-link" panel-name="suite-Suite" title="com.softserve.edu.junit.SignUp_Smoke_test" hash-for-method="IsPresentSignUpElement">IsPresentSignUpElement</a> <!-- method navigator-link -->
                      </span>
                      <br/>
                      <span>
                        <img width="3%" src="passed.png"/>
                        <a href="#" class="method navigator-link" panel-name="suite-Suite" title="com.softserve.edu.junit.LVTAQC_42_test" hash-for-method="SuccessSignUp">SuccessSignUp</a> <!-- method navigator-link -->
                      </span>
                      <br/>
                      <span>
                        <img width="3%" src="passed.png"/>
                        <a href="#" class="method navigator-link" panel-name="suite-Suite" title="com.softserve.edu.junit.LVTAQC_61_test" hash-for-method="SuccessSignUp">SuccessSignUp</a> <!-- method navigator-link -->
                      </span>
                      <br/>
                      <span>
                        <img width="3%" src="passed.png"/>
                        <a href="#" class="method navigator-link" panel-name="suite-Suite" title="com.softserve.edu.junit.LVTAQC_46_test" hash-for-method="checkLogInwithInValidPassword(com.softserve.edu.User@1f9d6c7b)">checkLogInwithInValidPassword(com.softserve.edu.User@1f9d6c7b)</a> <!-- method navigator-link -->
                      </span>
                      <br/>
                      <span>
                        <img width="3%" src="passed.png"/>
                        <a href="#" class="method navigator-link" panel-name="suite-Suite" title="com.softserve.edu.junit.LVTAQC_58_test" hash-for-method="logInWithEmptyEmailField">logInWithEmptyEmailField</a> <!-- method navigator-link -->
                      </span>
                      <br/>
                    </div> <!-- method-list-content passed suite-Suite -->
                  </li>
                </ul>
              </div> <!-- suite-section-content -->
            </div> <!-- result-section -->
          </div> <!-- navigator-suite-content -->
        </div> <!-- rounded-window -->
      </div> <!-- suite -->
    </div> <!-- navigator-root -->
    <div class="wrapper">
      <div class="main-panel-root">
        <div panel-name="suite-Suite" class="panel Suite">
          <div class="suite-Suite-class-failed">
            <div class="main-panel-header rounded-window-top">
              <img src="failed.png"/>
              <span class="class-name">com.softserve.edu.junit.LVTAQC_42_test</span>
            </div> <!-- main-panel-header rounded-window-top -->
            <div class="main-panel-content rounded-window-bottom">
              <div class="method">
                <div class="method-content">
                  <a name="IsNotRegistWithoutComfEmail">
                  </a> <!-- IsNotRegistWithoutComfEmail -->
                  <span class="method-name">IsNotRegistWithoutComfEmail</span>
                  <div class="stack-trace">org.openqa.selenium.TimeoutException: Expected condition failed: waiting for visibility of element located by By.xpath: //*[@class=&apos;alert-general-error ng-star-inserted&apos;] (tried for 20 second(s) with 500 milliseconds interval)
	at org.openqa.selenium.support.ui.WebDriverWait.timeoutException(WebDriverWait.java:95)
	at org.openqa.selenium.support.ui.FluentWait.until(FluentWait.java:272)
	at com.softserve.edu.junit.LVTAQC_42_test.IsNotRegistWithoutComfEmail(LVTAQC_42_test.java:73)
Caused by: org.openqa.selenium.NoSuchElementException: no such element: Unable to locate element: {&quot;method&quot;:&quot;xpath&quot;,&quot;selector&quot;:&quot;//*[@class=&apos;alert-general-error ng-star-inserted&apos;]&quot;}
  (Session info: chrome=84.0.4147.105)
For documentation on this error, please visit: https://www.seleniumhq.org/exceptions/no_such_element.html
Build info: version: &apos;3.141.59&apos;, revision: &apos;e82be7d358&apos;, time: &apos;2018-11-14T08:25:53&apos;
System info: host: &apos;DESKTOP-2GL04DH&apos;, ip: &apos;192.168.5.122&apos;, os.name: &apos;Windows 10&apos;, os.arch: &apos;amd64&apos;, os.version: &apos;10.0&apos;, java.version: &apos;1.8.0_251&apos;
Driver info: org.openqa.selenium.chrome.ChromeDriver
Capabilities {acceptInsecureCerts: false, browserName: chrome, browserVersion: 84.0.4147.105, chrome: {chromedriverVersion: 84.0.4147.30 (48b3e868b4cc0..., userDataDir: C:\Users\pavil\AppData\Loca...}, goog:chromeOptions: {debuggerAddress: localhost:62417}, javascriptEnabled: true, networkConnectionEnabled: false, pageLoadStrategy: normal, platform: WINDOWS, platformName: WINDOWS, proxy: Proxy(), setWindowRect: true, strictFileInteractability: false, timeouts: {implicit: 0, pageLoad: 300000, script: 30000}, unhandledPromptBehavior: dismiss and notify, webauthn:virtualAuthenticators: true}
Session ID: f0ca6b200884c0447c030ceb54e8a52a
*** Element info: {Using=xpath, value=//*[@class=&apos;alert-general-error ng-star-inserted&apos;]}
	at org.openqa.selenium.remote.http.W3CHttpResponseCodec.createException(W3CHttpResponseCodec.java:187)
	at org.openqa.selenium.remote.http.W3CHttpResponseCodec.decode(W3CHttpResponseCodec.java:122)
	at org.openqa.selenium.remote.http.W3CHttpResponseCodec.decode(W3CHttpResponseCodec.java:49)
	at org.openqa.selenium.remote.HttpCommandExecutor.execute(HttpCommandExecutor.java:158)
	at org.openqa.selenium.remote.service.DriverCommandExecutor.execute(DriverCommandExecutor.java:83)
	at org.openqa.selenium.remote.RemoteWebDriver.execute(RemoteWebDriver.java:552)
	at org.openqa.selenium.remote.RemoteWebDriver.findElement(RemoteWebDriver.java:323)
	at org.openqa.selenium.remote.RemoteWebDriver.findElementByXPath(RemoteWebDriver.java:428)
	at org.openqa.selenium.By$ByXPath.findElement(By.java:353)
	at org.openqa.selenium.remote.RemoteWebDriver.findElement(RemoteWebDriver.java:315)
	at org.openqa.selenium.support.ui.ExpectedConditions$7.apply(ExpectedConditions.java:205)
	at org.openqa.selenium.support.ui.ExpectedConditions$7.apply(ExpectedConditions.java:201)
	at org.openqa.selenium.support.ui.FluentWait.until(FluentWait.java:249)
	... 26 more
... Removed 28 stack frames
</div> <!-- stack-trace -->
                </div> <!-- method-content -->
              </div> <!-- method -->
            </div> <!-- main-panel-content rounded-window-bottom -->
          </div> <!-- suite-Suite-class-failed -->
          <div class="suite-Suite-class-failed">
            <div class="main-panel-header rounded-window-top">
              <img src="failed.png"/>
              <span class="class-name">com.softserve.edu.junit.LVTAQC_46_test</span>
            </div> <!-- main-panel-header rounded-window-top -->
            <div class="main-panel-content rounded-window-bottom">
              <div class="method">
                <div class="method-content">
                  <a name="checkLogInwithInValidPassword(com.softserve.edu.User@54acff7d)">
                  </a> <!-- checkLogInwithInValidPassword(com.softserve.edu.User@54acff7d) -->
                  <span class="method-name">checkLogInwithInValidPassword</span>
                  <span class="parameters">(com.softserve.edu.User@54acff7d)</span>
                  <div class="stack-trace">org.openqa.selenium.ElementClickInterceptedException: element click intercepted: Element &lt;span _ngcontent-frq-c2=&quot;&quot;&gt;...&lt;/span&gt; is not clickable at point (1816, 27). Other element would receive the click: &lt;div class=&quot;cdk-overlay-backdrop cdk-overlay-dark-backdrop cdk-overlay-backdrop-showing&quot;&gt;&lt;/div&gt;
  (Session info: chrome=84.0.4147.105)
Build info: version: &apos;3.141.59&apos;, revision: &apos;e82be7d358&apos;, time: &apos;2018-11-14T08:25:53&apos;
System info: host: &apos;DESKTOP-2GL04DH&apos;, ip: &apos;192.168.5.122&apos;, os.name: &apos;Windows 10&apos;, os.arch: &apos;amd64&apos;, os.version: &apos;10.0&apos;, java.version: &apos;1.8.0_251&apos;
Driver info: org.openqa.selenium.chrome.ChromeDriver
Capabilities {acceptInsecureCerts: false, browserName: chrome, browserVersion: 84.0.4147.105, chrome: {chromedriverVersion: 84.0.4147.30 (48b3e868b4cc0..., userDataDir: C:\Users\pavil\AppData\Loca...}, goog:chromeOptions: {debuggerAddress: localhost:62430}, javascriptEnabled: true, networkConnectionEnabled: false, pageLoadStrategy: normal, platform: WINDOWS, platformName: WINDOWS, proxy: Proxy(), setWindowRect: true, strictFileInteractability: false, timeouts: {implicit: 0, pageLoad: 300000, script: 30000}, unhandledPromptBehavior: dismiss and notify, webauthn:virtualAuthenticators: true}
Session ID: 0377c137d970858baae25722adc4c088
	at org.openqa.selenium.remote.http.W3CHttpResponseCodec.createException(W3CHttpResponseCodec.java:187)
	at org.openqa.selenium.remote.http.W3CHttpResponseCodec.decode(W3CHttpResponseCodec.java:122)
	at org.openqa.selenium.remote.http.W3CHttpResponseCodec.decode(W3CHttpResponseCodec.java:49)
	at org.openqa.selenium.remote.HttpCommandExecutor.execute(HttpCommandExecutor.java:158)
	at org.openqa.selenium.remote.service.DriverCommandExecutor.execute(DriverCommandExecutor.java:83)
	at org.openqa.selenium.remote.RemoteWebDriver.execute(RemoteWebDriver.java:552)
	at org.openqa.selenium.remote.RemoteWebElement.execute(RemoteWebElement.java:285)
	at org.openqa.selenium.remote.RemoteWebElement.click(RemoteWebElement.java:84)
	at com.softserve.edu.HomePage.clickOnSingUpButton(HomePage.java:25)
	at com.softserve.edu.junit.LVTAQC_46_test.checkLogInwithInValidPassword(LVTAQC_46_test.java:66)
... Removed 29 stack frames
</div> <!-- stack-trace -->
                </div> <!-- method-content -->
              </div> <!-- method -->
              <div class="method">
                <div class="method-content">
                  <a name="checkLogInwithInValidPassword(com.softserve.edu.User@aa21042)">
                  </a> <!-- checkLogInwithInValidPassword(com.softserve.edu.User@aa21042) -->
                  <span class="method-name">checkLogInwithInValidPassword</span>
                  <span class="parameters">(com.softserve.edu.User@aa21042)</span>
                  <div class="stack-trace">org.openqa.selenium.ElementClickInterceptedException: element click intercepted: Element &lt;span _ngcontent-frq-c2=&quot;&quot;&gt;...&lt;/span&gt; is not clickable at point (1816, 27). Other element would receive the click: &lt;div class=&quot;cdk-overlay-backdrop cdk-overlay-dark-backdrop cdk-overlay-backdrop-showing&quot;&gt;&lt;/div&gt;
  (Session info: chrome=84.0.4147.105)
Build info: version: &apos;3.141.59&apos;, revision: &apos;e82be7d358&apos;, time: &apos;2018-11-14T08:25:53&apos;
System info: host: &apos;DESKTOP-2GL04DH&apos;, ip: &apos;192.168.5.122&apos;, os.name: &apos;Windows 10&apos;, os.arch: &apos;amd64&apos;, os.version: &apos;10.0&apos;, java.version: &apos;1.8.0_251&apos;
Driver info: org.openqa.selenium.chrome.ChromeDriver
Capabilities {acceptInsecureCerts: false, browserName: chrome, browserVersion: 84.0.4147.105, chrome: {chromedriverVersion: 84.0.4147.30 (48b3e868b4cc0..., userDataDir: C:\Users\pavil\AppData\Loca...}, goog:chromeOptions: {debuggerAddress: localhost:62430}, javascriptEnabled: true, networkConnectionEnabled: false, pageLoadStrategy: normal, platform: WINDOWS, platformName: WINDOWS, proxy: Proxy(), setWindowRect: true, strictFileInteractability: false, timeouts: {implicit: 0, pageLoad: 300000, script: 30000}, unhandledPromptBehavior: dismiss and notify, webauthn:virtualAuthenticators: true}
Session ID: 0377c137d970858baae25722adc4c088
	at org.openqa.selenium.remote.http.W3CHttpResponseCodec.createException(W3CHttpResponseCodec.java:187)
	at org.openqa.selenium.remote.http.W3CHttpResponseCodec.decode(W3CHttpResponseCodec.java:122)
	at org.openqa.selenium.remote.http.W3CHttpResponseCodec.decode(W3CHttpResponseCodec.java:49)
	at org.openqa.selenium.remote.HttpCommandExecutor.execute(HttpCommandExecutor.java:158)
	at org.openqa.selenium.remote.service.DriverCommandExecutor.execute(DriverCommandExecutor.java:83)
	at org.openqa.selenium.remote.RemoteWebDriver.execute(RemoteWebDriver.java:552)
	at org.openqa.selenium.remote.RemoteWebElement.execute(RemoteWebElement.java:285)
	at org.openqa.selenium.remote.RemoteWebElement.click(RemoteWebElement.java:84)
	at com.softserve.edu.HomePage.clickOnSingUpButton(HomePage.java:25)
	at com.softserve.edu.junit.LVTAQC_46_test.checkLogInwithInValidPassword(LVTAQC_46_test.java:66)
... Removed 29 stack frames
</div> <!-- stack-trace -->
                </div> <!-- method-content -->
              </div> <!-- method -->
              <div class="method">
                <div class="method-content">
                  <a name="checkLogInwithInValidPassword(com.softserve.edu.User@6b04acb2)">
                  </a> <!-- checkLogInwithInValidPassword(com.softserve.edu.User@6b04acb2) -->
                  <span class="method-name">checkLogInwithInValidPassword</span>
                  <span class="parameters">(com.softserve.edu.User@6b04acb2)</span>
                  <div class="stack-trace">org.openqa.selenium.ElementClickInterceptedException: element click intercepted: Element &lt;span _ngcontent-frq-c2=&quot;&quot;&gt;...&lt;/span&gt; is not clickable at point (1816, 27). Other element would receive the click: &lt;div class=&quot;cdk-overlay-backdrop cdk-overlay-dark-backdrop cdk-overlay-backdrop-showing&quot;&gt;&lt;/div&gt;
  (Session info: chrome=84.0.4147.105)
Build info: version: &apos;3.141.59&apos;, revision: &apos;e82be7d358&apos;, time: &apos;2018-11-14T08:25:53&apos;
System info: host: &apos;DESKTOP-2GL04DH&apos;, ip: &apos;192.168.5.122&apos;, os.name: &apos;Windows 10&apos;, os.arch: &apos;amd64&apos;, os.version: &apos;10.0&apos;, java.version: &apos;1.8.0_251&apos;
Driver info: org.openqa.selenium.chrome.ChromeDriver
Capabilities {acceptInsecureCerts: false, browserName: chrome, browserVersion: 84.0.4147.105, chrome: {chromedriverVersion: 84.0.4147.30 (48b3e868b4cc0..., userDataDir: C:\Users\pavil\AppData\Loca...}, goog:chromeOptions: {debuggerAddress: localhost:62430}, javascriptEnabled: true, networkConnectionEnabled: false, pageLoadStrategy: normal, platform: WINDOWS, platformName: WINDOWS, proxy: Proxy(), setWindowRect: true, strictFileInteractability: false, timeouts: {implicit: 0, pageLoad: 300000, script: 30000}, unhandledPromptBehavior: dismiss and notify, webauthn:virtualAuthenticators: true}
Session ID: 0377c137d970858baae25722adc4c088
	at org.openqa.selenium.remote.http.W3CHttpResponseCodec.createException(W3CHttpResponseCodec.java:187)
	at org.openqa.selenium.remote.http.W3CHttpResponseCodec.decode(W3CHttpResponseCodec.java:122)
	at org.openqa.selenium.remote.http.W3CHttpResponseCodec.decode(W3CHttpResponseCodec.java:49)
	at org.openqa.selenium.remote.HttpCommandExecutor.execute(HttpCommandExecutor.java:158)
	at org.openqa.selenium.remote.service.DriverCommandExecutor.execute(DriverCommandExecutor.java:83)
	at org.openqa.selenium.remote.RemoteWebDriver.execute(RemoteWebDriver.java:552)
	at org.openqa.selenium.remote.RemoteWebElement.execute(RemoteWebElement.java:285)
	at org.openqa.selenium.remote.RemoteWebElement.click(RemoteWebElement.java:84)
	at com.softserve.edu.HomePage.clickOnSingUpButton(HomePage.java:25)
	at com.softserve.edu.junit.LVTAQC_46_test.checkLogInwithInValidPassword(LVTAQC_46_test.java:66)
... Removed 29 stack frames
</div> <!-- stack-trace -->
                </div> <!-- method-content -->
              </div> <!-- method -->
              <div class="method">
                <div class="method-content">
                  <a name="checkLogInwithInValidPassword(com.softserve.edu.User@41d7b27f)">
                  </a> <!-- checkLogInwithInValidPassword(com.softserve.edu.User@41d7b27f) -->
                  <span class="method-name">checkLogInwithInValidPassword</span>
                  <span class="parameters">(com.softserve.edu.User@41d7b27f)</span>
                  <div class="stack-trace">org.openqa.selenium.ElementClickInterceptedException: element click intercepted: Element &lt;span _ngcontent-frq-c2=&quot;&quot;&gt;...&lt;/span&gt; is not clickable at point (1816, 27). Other element would receive the click: &lt;div class=&quot;cdk-overlay-backdrop cdk-overlay-dark-backdrop cdk-overlay-backdrop-showing&quot;&gt;&lt;/div&gt;
  (Session info: chrome=84.0.4147.105)
Build info: version: &apos;3.141.59&apos;, revision: &apos;e82be7d358&apos;, time: &apos;2018-11-14T08:25:53&apos;
System info: host: &apos;DESKTOP-2GL04DH&apos;, ip: &apos;192.168.5.122&apos;, os.name: &apos;Windows 10&apos;, os.arch: &apos;amd64&apos;, os.version: &apos;10.0&apos;, java.version: &apos;1.8.0_251&apos;
Driver info: org.openqa.selenium.chrome.ChromeDriver
Capabilities {acceptInsecureCerts: false, browserName: chrome, browserVersion: 84.0.4147.105, chrome: {chromedriverVersion: 84.0.4147.30 (48b3e868b4cc0..., userDataDir: C:\Users\pavil\AppData\Loca...}, goog:chromeOptions: {debuggerAddress: localhost:62430}, javascriptEnabled: true, networkConnectionEnabled: false, pageLoadStrategy: normal, platform: WINDOWS, platformName: WINDOWS, proxy: Proxy(), setWindowRect: true, strictFileInteractability: false, timeouts: {implicit: 0, pageLoad: 300000, script: 30000}, unhandledPromptBehavior: dismiss and notify, webauthn:virtualAuthenticators: true}
Session ID: 0377c137d970858baae25722adc4c088
	at org.openqa.selenium.remote.http.W3CHttpResponseCodec.createException(W3CHttpResponseCodec.java:187)
	at org.openqa.selenium.remote.http.W3CHttpResponseCodec.decode(W3CHttpResponseCodec.java:122)
	at org.openqa.selenium.remote.http.W3CHttpResponseCodec.decode(W3CHttpResponseCodec.java:49)
	at org.openqa.selenium.remote.HttpCommandExecutor.execute(HttpCommandExecutor.java:158)
	at org.openqa.selenium.remote.service.DriverCommandExecutor.execute(DriverCommandExecutor.java:83)
	at org.openqa.selenium.remote.RemoteWebDriver.execute(RemoteWebDriver.java:552)
	at org.openqa.selenium.remote.RemoteWebElement.execute(RemoteWebElement.java:285)
	at org.openqa.selenium.remote.RemoteWebElement.click(RemoteWebElement.java:84)
	at com.softserve.edu.HomePage.clickOnSingUpButton(HomePage.java:25)
	at com.softserve.edu.junit.LVTAQC_46_test.checkLogInwithInValidPassword(LVTAQC_46_test.java:66)
... Removed 29 stack frames
</div> <!-- stack-trace -->
                </div> <!-- method-content -->
              </div> <!-- method -->
            </div> <!-- main-panel-content rounded-window-bottom -->
          </div> <!-- suite-Suite-class-failed -->
          <div class="suite-Suite-class-passed">
            <div class="main-panel-header rounded-window-top">
              <img src="passed.png"/>
              <span class="class-name">com.softserve.edu.junit.SignIn_Smoke_test</span>
            </div> <!-- main-panel-header rounded-window-top -->
            <div class="main-panel-content rounded-window-bottom">
              <div class="method">
                <div class="method-content">
                  <a name="IsPresentSignInElement">
                  </a> <!-- IsPresentSignInElement -->
                  <span class="method-name">IsPresentSignInElement</span>
                </div> <!-- method-content -->
              </div> <!-- method -->
            </div> <!-- main-panel-content rounded-window-bottom -->
          </div> <!-- suite-Suite-class-passed -->
          <div class="suite-Suite-class-passed">
            <div class="main-panel-header rounded-window-top">
              <img src="passed.png"/>
              <span class="class-name">com.softserve.edu.junit.LVTAQC_42_test</span>
            </div> <!-- main-panel-header rounded-window-top -->
            <div class="main-panel-content rounded-window-bottom">
              <div class="method">
                <div class="method-content">
                  <a name="SuccessSignUp">
                  </a> <!-- SuccessSignUp -->
                  <span class="method-name">SuccessSignUp</span>
                </div> <!-- method-content -->
              </div> <!-- method -->
            </div> <!-- main-panel-content rounded-window-bottom -->
          </div> <!-- suite-Suite-class-passed -->
          <div class="suite-Suite-class-passed">
            <div class="main-panel-header rounded-window-top">
              <img src="passed.png"/>
              <span class="class-name">com.softserve.edu.junit.LVTAQC_61_test</span>
            </div> <!-- main-panel-header rounded-window-top -->
            <div class="main-panel-content rounded-window-bottom">
              <div class="method">
                <div class="method-content">
                  <a name="SuccessSignUp">
                  </a> <!-- SuccessSignUp -->
                  <span class="method-name">SuccessSignUp</span>
                </div> <!-- method-content -->
              </div> <!-- method -->
            </div> <!-- main-panel-content rounded-window-bottom -->
          </div> <!-- suite-Suite-class-passed -->
          <div class="suite-Suite-class-passed">
            <div class="main-panel-header rounded-window-top">
              <img src="passed.png"/>
              <span class="class-name">com.softserve.edu.junit.SignUp_Smoke_test</span>
            </div> <!-- main-panel-header rounded-window-top -->
            <div class="main-panel-content rounded-window-bottom">
              <div class="method">
                <div class="method-content">
                  <a name="IsPresentSignUpElement">
                  </a> <!-- IsPresentSignUpElement -->
                  <span class="method-name">IsPresentSignUpElement</span>
                </div> <!-- method-content -->
              </div> <!-- method -->
            </div> <!-- main-panel-content rounded-window-bottom -->
          </div> <!-- suite-Suite-class-passed -->
          <div class="suite-Suite-class-passed">
            <div class="main-panel-header rounded-window-top">
              <img src="passed.png"/>
              <span class="class-name">com.softserve.edu.junit.LVTAQC_58_test</span>
            </div> <!-- main-panel-header rounded-window-top -->
            <div class="main-panel-content rounded-window-bottom">
              <div class="method">
                <div class="method-content">
                  <a name="IsErrorMessageToEmptyEmailField">
                  </a> <!-- IsErrorMessageToEmptyEmailField -->
                  <span class="method-name">IsErrorMessageToEmptyEmailField</span>
                </div> <!-- method-content -->
              </div> <!-- method -->
              <div class="method">
                <div class="method-content">
                  <a name="logInWithEmptyEmailField">
                  </a> <!-- logInWithEmptyEmailField -->
                  <span class="method-name">logInWithEmptyEmailField</span>
                </div> <!-- method-content -->
              </div> <!-- method -->
            </div> <!-- main-panel-content rounded-window-bottom -->
          </div> <!-- suite-Suite-class-passed -->
          <div class="suite-Suite-class-passed">
            <div class="main-panel-header rounded-window-top">
              <img src="passed.png"/>
              <span class="class-name">com.softserve.edu.junit.LVTAQC_46_test</span>
            </div> <!-- main-panel-header rounded-window-top -->
            <div class="main-panel-content rounded-window-bottom">
              <div class="method">
                <div class="method-content">
                  <a name="checkLogInwithInValidPassword(com.softserve.edu.User@1f9d6c7b)">
                  </a> <!-- checkLogInwithInValidPassword(com.softserve.edu.User@1f9d6c7b) -->
                  <span class="method-name">checkLogInwithInValidPassword</span>
                  <span class="parameters">(com.softserve.edu.User@1f9d6c7b)</span>
                </div> <!-- method-content -->
              </div> <!-- method -->
            </div> <!-- main-panel-content rounded-window-bottom -->
          </div> <!-- suite-Suite-class-passed -->
        </div> <!-- panel Suite -->
        <div panel-name="test-xml-Suite" class="panel">
          <div class="main-panel-header rounded-window-top">
            <span class="header-content">D:\myEclipseWorkspace\IrPolihas_H_w-2_Aut_test\testng.xml</span>
          </div> <!-- main-panel-header rounded-window-top -->
          <div class="main-panel-content rounded-window-bottom">
            <pre>
&lt;?xml version=&quot;1.0&quot; encoding=&quot;UTF-8&quot;?&gt;
&lt;!DOCTYPE suite SYSTEM &quot;http://testng.org/testng-1.0.dtd&quot;&gt;
&lt;suite guice-stage=&quot;DEVELOPMENT&quot; name=&quot;Suite&quot;&gt;
  &lt;test thread-count=&quot;5&quot; name=&quot;FireFoxTest&quot;&gt;
    &lt;parameter name=&quot;browser&quot; value=&quot;FF&quot;/&gt;
    &lt;classes&gt;
      &lt;class name=&quot;com.softserve.edu.junit.SignIn_Smoke_test&quot;/&gt;
      &lt;class name=&quot;com.softserve.edu.junit.SignUp_Smoke_test&quot;/&gt;
      &lt;class name=&quot;com.softserve.edu.junit.LVTAQC_58_test&quot;/&gt;
    &lt;/classes&gt;
  &lt;/test&gt; &lt;!-- FireFoxTest --&gt;
  &lt;test thread-count=&quot;5&quot; name=&quot;ChromeTest&quot;&gt;
    &lt;parameter name=&quot;browser&quot; value=&quot;Chrome&quot;/&gt;
    &lt;classes&gt;
      &lt;class name=&quot;com.softserve.edu.junit.LVTAQC_42_test&quot;/&gt;
      &lt;class name=&quot;com.softserve.edu.junit.LVTAQC_46_test&quot;/&gt;
      &lt;class name=&quot;com.softserve.edu.junit.LVTAQC_61_test&quot;/&gt;
    &lt;/classes&gt;
  &lt;/test&gt; &lt;!-- ChromeTest --&gt;
&lt;/suite&gt; &lt;!-- Suite --&gt;
            </pre>
          </div> <!-- main-panel-content rounded-window-bottom -->
        </div> <!-- panel -->
        <div panel-name="testlist-Suite" class="panel">
          <div class="main-panel-header rounded-window-top">
            <span class="header-content">Tests for Suite</span>
          </div> <!-- main-panel-header rounded-window-top -->
          <div class="main-panel-content rounded-window-bottom">
            <ul>
              <li>
                <span class="test-name">FireFoxTest (3 classes)</span>
              </li>
              <li>
                <span class="test-name">ChromeTest (3 classes)</span>
              </li>
            </ul>
          </div> <!-- main-panel-content rounded-window-bottom -->
        </div> <!-- panel -->
        <div panel-name="group-Suite" class="panel">
          <div class="main-panel-header rounded-window-top">
            <span class="header-content">Groups for Suite</span>
          </div> <!-- main-panel-header rounded-window-top -->
          <div class="main-panel-content rounded-window-bottom">
          </div> <!-- main-panel-content rounded-window-bottom -->
        </div> <!-- panel -->
        <div panel-name="times-Suite" class="panel">
          <div class="main-panel-header rounded-window-top">
            <span class="header-content">Times for Suite</span>
          </div> <!-- main-panel-header rounded-window-top -->
          <div class="main-panel-content rounded-window-bottom">
            <div class="times-div">
              <script type="text/javascript">
suiteTableInitFunctions.push('tableData_Suite');
function tableData_Suite() {
var data = new google.visualization.DataTable();
data.addColumn('number', 'Number');
data.addColumn('string', 'Method');
data.addColumn('string', 'Class');
data.addColumn('number', 'Time (ms)');
data.addRows(12);
data.setCell(0, 0, 0)
data.setCell(0, 1, 'IsNotRegistWithoutComfEmail')
data.setCell(0, 2, 'com.softserve.edu.junit.LVTAQC_42_test')
data.setCell(0, 3, 25690);
data.setCell(1, 0, 1)
data.setCell(1, 1, 'SuccessSignUp')
data.setCell(1, 2, 'com.softserve.edu.junit.LVTAQC_42_test')
data.setCell(1, 3, 2006);
data.setCell(2, 0, 2)
data.setCell(2, 1, 'SuccessSignUp')
data.setCell(2, 2, 'com.softserve.edu.junit.LVTAQC_61_test')
data.setCell(2, 3, 1889);
data.setCell(3, 0, 3)
data.setCell(3, 1, 'logInWithEmptyEmailField')
data.setCell(3, 2, 'com.softserve.edu.junit.LVTAQC_58_test')
data.setCell(3, 3, 1121);
data.setCell(4, 0, 4)
data.setCell(4, 1, 'checkLogInwithInValidPassword')
data.setCell(4, 2, 'com.softserve.edu.junit.LVTAQC_46_test')
data.setCell(4, 3, 1096);
data.setCell(5, 0, 5)
data.setCell(5, 1, 'checkLogInwithInValidPassword')
data.setCell(5, 2, 'com.softserve.edu.junit.LVTAQC_46_test')
data.setCell(5, 3, 1090);
data.setCell(6, 0, 6)
data.setCell(6, 1, 'checkLogInwithInValidPassword')
data.setCell(6, 2, 'com.softserve.edu.junit.LVTAQC_46_test')
data.setCell(6, 3, 1064);
data.setCell(7, 0, 7)
data.setCell(7, 1, 'checkLogInwithInValidPassword')
data.setCell(7, 2, 'com.softserve.edu.junit.LVTAQC_46_test')
data.setCell(7, 3, 1056);
data.setCell(8, 0, 8)
data.setCell(8, 1, 'checkLogInwithInValidPassword')
data.setCell(8, 2, 'com.softserve.edu.junit.LVTAQC_46_test')
data.setCell(8, 3, 876);
data.setCell(9, 0, 9)
data.setCell(9, 1, 'IsPresentSignUpElement')
data.setCell(9, 2, 'com.softserve.edu.junit.SignUp_Smoke_test')
data.setCell(9, 3, 542);
data.setCell(10, 0, 10)
data.setCell(10, 1, 'IsPresentSignInElement')
data.setCell(10, 2, 'com.softserve.edu.junit.SignIn_Smoke_test')
data.setCell(10, 3, 462);
data.setCell(11, 0, 11)
data.setCell(11, 1, 'IsErrorMessageToEmptyEmailField')
data.setCell(11, 2, 'com.softserve.edu.junit.LVTAQC_58_test')
data.setCell(11, 3, 437);
window.suiteTableData['Suite']= { tableData: data, tableDiv: 'times-div-Suite'}
return data;
}
              </script>
              <span class="suite-total-time">Total running time: 37 seconds</span>
              <div id="times-div-Suite">
              </div> <!-- times-div-Suite -->
            </div> <!-- times-div -->
          </div> <!-- main-panel-content rounded-window-bottom -->
        </div> <!-- panel -->
        <div panel-name="reporter-Suite" class="panel">
          <div class="main-panel-header rounded-window-top">
            <span class="header-content">Reporter output for Suite</span>
          </div> <!-- main-panel-header rounded-window-top -->
          <div class="main-panel-content rounded-window-bottom">
          </div> <!-- main-panel-content rounded-window-bottom -->
        </div> <!-- panel -->
        <div panel-name="ignored-methods-Suite" class="panel">
          <div class="main-panel-header rounded-window-top">
            <span class="header-content">0 ignored methods</span>
          </div> <!-- main-panel-header rounded-window-top -->
          <div class="main-panel-content rounded-window-bottom">
          </div> <!-- main-panel-content rounded-window-bottom -->
        </div> <!-- panel -->
        <div panel-name="chronological-Suite" class="panel">
          <div class="main-panel-header rounded-window-top">
            <span class="header-content">Methods in chronological order</span>
          </div> <!-- main-panel-header rounded-window-top -->
          <div class="main-panel-content rounded-window-bottom">
            <div class="chronological-class">
              <div class="chronological-class-name">com.softserve.edu.junit.LVTAQC_58_test</div> <!-- chronological-class-name -->
              <div class="configuration-test before">
                <span class="method-name">setUp(FF)</span>
                <span class="method-start">0 ms</span>
              </div> <!-- configuration-test before -->
            </div> <!-- chronological-class -->
            <div class="chronological-class">
              <div class="chronological-class-name">com.softserve.edu.junit.SignIn_Smoke_test</div> <!-- chronological-class-name -->
              <div class="configuration-test before">
                <span class="method-name">setUp(FF)</span>
                <span class="method-start">3436 ms</span>
              </div> <!-- configuration-test before -->
            </div> <!-- chronological-class -->
            <div class="chronological-class">
              <div class="chronological-class-name">com.softserve.edu.junit.SignUp_Smoke_test</div> <!-- chronological-class-name -->
              <div class="configuration-test before">
                <span class="method-name">setUp(FF)</span>
                <span class="method-start">6302 ms</span>
              </div> <!-- configuration-test before -->
            </div> <!-- chronological-class -->
            <div class="chronological-class">
              <div class="chronological-class-name">com.softserve.edu.junit.SignIn_Smoke_test</div> <!-- chronological-class-name -->
              <div class="configuration-class before">
                <span class="method-name">appSetup</span>
                <span class="method-start">9156 ms</span>
              </div> <!-- configuration-class before -->
              <div class="test-method">
                <span class="method-name">IsPresentSignInElement</span>
                <span class="method-start">13914 ms</span>
              </div> <!-- test-method -->
            </div> <!-- chronological-class -->
            <div class="chronological-class">
              <div class="chronological-class-name">com.softserve.edu.junit.SignUp_Smoke_test</div> <!-- chronological-class-name -->
              <div class="configuration-class before">
                <span class="method-name">appSetup</span>
                <span class="method-start">14379 ms</span>
              </div> <!-- configuration-class before -->
              <div class="test-method">
                <span class="method-name">IsPresentSignUpElement</span>
                <span class="method-start">18415 ms</span>
              </div> <!-- test-method -->
            </div> <!-- chronological-class -->
            <div class="chronological-class">
              <div class="chronological-class-name">com.softserve.edu.junit.LVTAQC_58_test</div> <!-- chronological-class-name -->
              <div class="configuration-class before">
                <span class="method-name">appSetup</span>
                <span class="method-start">18959 ms</span>
              </div> <!-- configuration-class before -->
              <div class="test-method">
                <span class="method-name">IsErrorMessageToEmptyEmailField</span>
                <span class="method-start">22823 ms</span>
              </div> <!-- test-method -->
              <div class="test-method">
                <span class="method-name">logInWithEmptyEmailField</span>
                <span class="method-start">23262 ms</span>
              </div> <!-- test-method -->
              <div class="configuration-test after">
                <span class="method-name">afterTest</span>
                <span class="method-start">24384 ms</span>
              </div> <!-- configuration-test after -->
            </div> <!-- chronological-class -->
            <div class="chronological-class">
              <div class="chronological-class-name">com.softserve.edu.junit.SignIn_Smoke_test</div> <!-- chronological-class-name -->
              <div class="configuration-test after">
                <span class="method-name">afterTest</span>
                <span class="method-start">25173 ms</span>
              </div> <!-- configuration-test after -->
            </div> <!-- chronological-class -->
            <div class="chronological-class">
              <div class="chronological-class-name">com.softserve.edu.junit.SignUp_Smoke_test</div> <!-- chronological-class-name -->
              <div class="configuration-test after">
                <span class="method-name">afterTest</span>
                <span class="method-start">25957 ms</span>
              </div> <!-- configuration-test after -->
            </div> <!-- chronological-class -->
            <div class="chronological-class">
              <div class="chronological-class-name">com.softserve.edu.junit.LVTAQC_42_test</div> <!-- chronological-class-name -->
              <div class="configuration-test before">
                <span class="method-name">setUp(Chrome)</span>
                <span class="method-start">26767 ms</span>
              </div> <!-- configuration-test before -->
            </div> <!-- chronological-class -->
            <div class="chronological-class">
              <div class="chronological-class-name">com.softserve.edu.junit.LVTAQC_46_test</div> <!-- chronological-class-name -->
              <div class="configuration-test before">
                <span class="method-name">setUp(Chrome)</span>
                <span class="method-start">31998 ms</span>
              </div> <!-- configuration-test before -->
            </div> <!-- chronological-class -->
            <div class="chronological-class">
              <div class="chronological-class-name">com.softserve.edu.junit.LVTAQC_61_test</div> <!-- chronological-class-name -->
              <div class="configuration-test before">
                <span class="method-name">setUp(Chrome)</span>
                <span class="method-start">37238 ms</span>
              </div> <!-- configuration-test before -->
            </div> <!-- chronological-class -->
            <div class="chronological-class">
              <div class="chronological-class-name">com.softserve.edu.junit.LVTAQC_42_test</div> <!-- chronological-class-name -->
              <div class="configuration-class before">
                <span class="method-name">appSetup</span>
                <span class="method-start">42471 ms</span>
              </div> <!-- configuration-class before -->
              <div class="test-method">
                <span class="method-name">SuccessSignUp</span>
                <span class="method-start">45116 ms</span>
              </div> <!-- test-method -->
              <div class="test-method">
                <img src="failed.png">
                </img>
                <span class="method-name">IsNotRegistWithoutComfEmail</span>
                <span class="method-start">47123 ms</span>
              </div> <!-- test-method -->
            </div> <!-- chronological-class -->
            <div class="chronological-class">
              <div class="chronological-class-name">com.softserve.edu.junit.LVTAQC_46_test</div> <!-- chronological-class-name -->
              <div class="configuration-class before">
                <span class="method-name">appSetup</span>
                <span class="method-start">72816 ms</span>
              </div> <!-- configuration-class before -->
              <div class="test-method">
                <span class="method-name">checkLogInwithInValidPassword(com.softserve.edu.User@1f9d6c7b)</span>
                <span class="method-start">75540 ms</span>
              </div> <!-- test-method -->
              <div class="test-method">
                <img src="failed.png">
                </img>
                <span class="method-name">checkLogInwithInValidPassword(com.softserve.edu.User@6b04acb2)</span>
                <span class="method-start">76417 ms</span>
              </div> <!-- test-method -->
              <div class="test-method">
                <img src="failed.png">
                </img>
                <span class="method-name">checkLogInwithInValidPassword(com.softserve.edu.User@54acff7d)</span>
                <span class="method-start">77474 ms</span>
              </div> <!-- test-method -->
              <div class="test-method">
                <img src="failed.png">
                </img>
                <span class="method-name">checkLogInwithInValidPassword(com.softserve.edu.User@aa21042)</span>
                <span class="method-start">78565 ms</span>
              </div> <!-- test-method -->
              <div class="test-method">
                <img src="failed.png">
                </img>
                <span class="method-name">checkLogInwithInValidPassword(com.softserve.edu.User@41d7b27f)</span>
                <span class="method-start">79633 ms</span>
              </div> <!-- test-method -->
            </div> <!-- chronological-class -->
            <div class="chronological-class">
              <div class="chronological-class-name">com.softserve.edu.junit.LVTAQC_61_test</div> <!-- chronological-class-name -->
              <div class="configuration-class before">
                <span class="method-name">appSetup</span>
                <span class="method-start">80733 ms</span>
              </div> <!-- configuration-class before -->
              <div class="test-method">
                <span class="method-name">SuccessSignUp</span>
                <span class="method-start">83707 ms</span>
              </div> <!-- test-method -->
            </div> <!-- chronological-class -->
            <div class="chronological-class">
              <div class="chronological-class-name">com.softserve.edu.junit.LVTAQC_42_test</div> <!-- chronological-class-name -->
              <div class="configuration-test after">
                <span class="method-name">afterTest</span>
                <span class="method-start">85597 ms</span>
              </div> <!-- configuration-test after -->
            </div> <!-- chronological-class -->
            <div class="chronological-class">
              <div class="chronological-class-name">com.softserve.edu.junit.LVTAQC_46_test</div> <!-- chronological-class-name -->
              <div class="configuration-test after">
                <span class="method-name">afterTest</span>
                <span class="method-start">86219 ms</span>
              </div> <!-- configuration-test after -->
            </div> <!-- chronological-class -->
            <div class="chronological-class">
              <div class="chronological-class-name">com.softserve.edu.junit.LVTAQC_61_test</div> <!-- chronological-class-name -->
              <div class="configuration-test after">
                <span class="method-name">afterTest</span>
                <span class="method-start">86829 ms</span>
              </div> <!-- configuration-test after -->
          </div> <!-- main-panel-content rounded-window-bottom -->
        </div> <!-- panel -->
      </div> <!-- main-panel-root -->
    </div> <!-- wrapper -->
  </body>
</html>
