<?xml version="1.0" encoding="UTF-8"?>
<testng-results skipped="0" failed="5" ignored="0" total="12" passed="7">
  <reporter-output>
  </reporter-output>
  <suite name="Suite" duration-ms="87440" started-at="2020-08-04T19:56:33Z" finished-at="2020-08-04T19:58:01Z">
    <groups>
    </groups>
    <test name="FireFoxTest" duration-ms="26755" started-at="2020-08-04T19:56:33Z" finished-at="2020-08-04T19:57:00Z">
      <class name="com.softserve.edu.junit.SignIn_Smoke_test">
        <test-method status="PASS" signature="appSetup()[pri:0, instance:com.softserve.edu.junit.SignIn_Smoke_test@2a5ca609]" name="appSetup" is-config="true" duration-ms="4755" started-at="2020-08-04T19:56:42Z" finished-at="2020-08-04T19:56:47Z">
          <reporter-output>
          </reporter-output>
        </test-method> <!-- appSetup -->
        <test-method status="PASS" signature="IsPresentSignInElement()[pri:0, instance:com.softserve.edu.junit.SignIn_Smoke_test@2a5ca609]" name="IsPresentSignInElement" duration-ms="462" started-at="2020-08-04T19:56:47Z" finished-at="2020-08-04T19:56:48Z">
          <reporter-output>
          </reporter-output>
        </test-method> <!-- IsPresentSignInElement -->
      </class> <!-- com.softserve.edu.junit.SignIn_Smoke_test -->
      <class name="com.softserve.edu.junit.SignUp_Smoke_test">
        <test-method status="PASS" signature="appSetup()[pri:0, instance:com.softserve.edu.junit.SignUp_Smoke_test@20e2cbe0]" name="appSetup" is-config="true" duration-ms="4035" started-at="2020-08-04T19:56:48Z" finished-at="2020-08-04T19:56:52Z">
          <reporter-output>
          </reporter-output>
        </test-method> <!-- appSetup -->
        <test-method status="PASS" signature="IsPresentSignUpElement()[pri:0, instance:com.softserve.edu.junit.SignUp_Smoke_test@20e2cbe0]" name="IsPresentSignUpElement" duration-ms="542" started-at="2020-08-04T19:56:52Z" finished-at="2020-08-04T19:56:52Z">
          <reporter-output>
          </reporter-output>
        </test-method> <!-- IsPresentSignUpElement -->
      </class> <!-- com.softserve.edu.junit.SignUp_Smoke_test -->
      <class name="com.softserve.edu.junit.LVTAQC_58_test">
        <test-method status="PASS" signature="setUp(java.lang.String)[pri:0, instance:com.softserve.edu.junit.LVTAQC_58_test@68be2bc2]" name="setUp" is-config="true" duration-ms="3436" started-at="2020-08-04T19:56:33Z" finished-at="2020-08-04T19:56:37Z">
          <params>
            <param index="0">
              <value>
                <![CDATA[FF]]>
              </value>
            </param>
          </params>
          <reporter-output>
          </reporter-output>
        </test-method> <!-- setUp -->
        <test-method status="PASS" signature="setUp(java.lang.String)[pri:0, instance:com.softserve.edu.junit.SignIn_Smoke_test@2a5ca609]" name="setUp" is-config="true" duration-ms="2866" started-at="2020-08-04T19:56:37Z" finished-at="2020-08-04T19:56:40Z">
          <params>
            <param index="0">
              <value>
                <![CDATA[FF]]>
              </value>
            </param>
          </params>
          <reporter-output>
          </reporter-output>
        </test-method> <!-- setUp -->
        <test-method status="PASS" signature="setUp(java.lang.String)[pri:0, instance:com.softserve.edu.junit.SignUp_Smoke_test@20e2cbe0]" name="setUp" is-config="true" duration-ms="2850" started-at="2020-08-04T19:56:40Z" finished-at="2020-08-04T19:56:42Z">
          <params>
            <param index="0">
              <value>
                <![CDATA[FF]]>
              </value>
            </param>
          </params>
          <reporter-output>
          </reporter-output>
        </test-method> <!-- setUp -->
        <test-method status="PASS" signature="appSetup()[pri:0, instance:com.softserve.edu.junit.LVTAQC_58_test@68be2bc2]" name="appSetup" is-config="true" duration-ms="3864" started-at="2020-08-04T19:56:52Z" finished-at="2020-08-04T19:56:56Z">
          <reporter-output>
          </reporter-output>
        </test-method> <!-- appSetup -->
        <test-method status="PASS" signature="IsErrorMessageToEmptyEmailField()[pri:0, instance:com.softserve.edu.junit.LVTAQC_58_test@68be2bc2]" name="IsErrorMessageToEmptyEmailField" duration-ms="437" started-at="2020-08-04T19:56:56Z" finished-at="2020-08-04T19:56:56Z">
          <reporter-output>
          </reporter-output>
        </test-method> <!-- IsErrorMessageToEmptyEmailField -->
        <test-method status="PASS" signature="logInWithEmptyEmailField()[pri:0, instance:com.softserve.edu.junit.LVTAQC_58_test@68be2bc2]" name="logInWithEmptyEmailField" duration-ms="1121" started-at="2020-08-04T19:56:56Z" depends-on-methods="com.softserve.edu.junit.LVTAQC_58_test.IsErrorMessageToEmptyEmailField" finished-at="2020-08-04T19:56:58Z">
          <reporter-output>
          </reporter-output>
        </test-method> <!-- logInWithEmptyEmailField -->
        <test-method status="PASS" signature="afterTest()[pri:0, instance:com.softserve.edu.junit.LVTAQC_58_test@68be2bc2]" name="afterTest" is-config="true" duration-ms="789" started-at="2020-08-04T19:56:58Z" finished-at="2020-08-04T19:56:58Z">
          <reporter-output>
          </reporter-output>
        </test-method> <!-- afterTest -->
        <test-method status="PASS" signature="afterTest()[pri:0, instance:com.softserve.edu.junit.SignIn_Smoke_test@2a5ca609]" name="afterTest" is-config="true" duration-ms="784" started-at="2020-08-04T19:56:58Z" finished-at="2020-08-04T19:56:59Z">
          <reporter-output>
          </reporter-output>
        </test-method> <!-- afterTest -->
        <test-method status="PASS" signature="afterTest()[pri:0, instance:com.softserve.edu.junit.SignUp_Smoke_test@20e2cbe0]" name="afterTest" is-config="true" duration-ms="795" started-at="2020-08-04T19:56:59Z" finished-at="2020-08-04T19:57:00Z">
          <reporter-output>
          </reporter-output>
        </test-method> <!-- afterTest -->
      </class> <!-- com.softserve.edu.junit.LVTAQC_58_test -->
    </test> <!-- FireFoxTest -->
    <test name="ChromeTest" duration-ms="60671" started-at="2020-08-04T19:57:00Z" finished-at="2020-08-04T19:58:01Z">
      <class name="com.softserve.edu.junit.LVTAQC_42_test">
        <test-method status="PASS" signature="setUp(java.lang.String)[pri:0, instance:com.softserve.edu.junit.LVTAQC_42_test@77caeb3e]" name="setUp" is-config="true" duration-ms="5231" started-at="2020-08-04T19:57:00Z" finished-at="2020-08-04T19:57:05Z">
          <params>
            <param index="0">
              <value>
                <![CDATA[Chrome]]>
              </value>
            </param>
          </params>
          <reporter-output>
          </reporter-output>
        </test-method> <!-- setUp -->
        <test-method status="PASS" signature="setUp(java.lang.String)[pri:0, instance:com.softserve.edu.junit.LVTAQC_46_test@1e88b3c]" name="setUp" is-config="true" duration-ms="5240" started-at="2020-08-04T19:57:05Z" finished-at="2020-08-04T19:57:10Z">
          <params>
            <param index="0">
              <value>
                <![CDATA[Chrome]]>
              </value>
            </param>
          </params>
          <reporter-output>
          </reporter-output>
        </test-method> <!-- setUp -->
        <test-method status="PASS" signature="setUp(java.lang.String)[pri:0, instance:com.softserve.edu.junit.LVTAQC_61_test@42d80b78]" name="setUp" is-config="true" duration-ms="5233" started-at="2020-08-04T19:57:10Z" finished-at="2020-08-04T19:57:16Z">
          <params>
            <param index="0">
              <value>
                <![CDATA[Chrome]]>
              </value>
            </param>
          </params>
          <reporter-output>
          </reporter-output>
        </test-method> <!-- setUp -->
        <test-method status="PASS" signature="appSetup()[pri:0, instance:com.softserve.edu.junit.LVTAQC_42_test@77caeb3e]" name="appSetup" is-config="true" duration-ms="2645" started-at="2020-08-04T19:57:16Z" finished-at="2020-08-04T19:57:18Z">
          <reporter-output>
          </reporter-output>
        </test-method> <!-- appSetup -->
        <test-method status="PASS" signature="SuccessSignUp()[pri:0, instance:com.softserve.edu.junit.LVTAQC_42_test@77caeb3e]" name="SuccessSignUp" duration-ms="2006" started-at="2020-08-04T19:57:18Z" finished-at="2020-08-04T19:57:20Z">
          <reporter-output>
          </reporter-output>
        </test-method> <!-- SuccessSignUp -->
        <test-method status="FAIL" signature="IsNotRegistWithoutComfEmail()[pri:0, instance:com.softserve.edu.junit.LVTAQC_42_test@77caeb3e]" name="IsNotRegistWithoutComfEmail" duration-ms="25690" started-at="2020-08-04T19:57:20Z" depends-on-methods="com.softserve.edu.junit.LVTAQC_42_test.SuccessSignUp" finished-at="2020-08-04T19:57:46Z">
          <exception class="org.openqa.selenium.TimeoutException">
            <message>
              <![CDATA[Expected condition failed: waiting for visibility of element located by By.xpath: //*[@class='alert-general-error ng-star-inserted'] (tried for 20 second(s) with 500 milliseconds interval)]]>
            </message>
            <full-stacktrace>
              <![CDATA[org.openqa.selenium.TimeoutException: Expected condition failed: waiting for visibility of element located by By.xpath: //*[@class='alert-general-error ng-star-inserted'] (tried for 20 second(s) with 500 milliseconds interval)
at org.openqa.selenium.support.ui.WebDriverWait.timeoutException(WebDriverWait.java:95)
at org.openqa.selenium.support.ui.FluentWait.until(FluentWait.java:272)
at com.softserve.edu.junit.LVTAQC_42_test.IsNotRegistWithoutComfEmail(LVTAQC_42_test.java:73)
at sun.reflect.NativeMethodAccessorImpl.invoke0(Native Method)
at sun.reflect.NativeMethodAccessorImpl.invoke(Unknown Source)
at sun.reflect.DelegatingMethodAccessorImpl.invoke(Unknown Source)
at java.lang.reflect.Method.invoke(Unknown Source)
at org.testng.internal.MethodInvocationHelper.invokeMethod(MethodInvocationHelper.java:124)
at org.testng.internal.Invoker.invokeMethod(Invoker.java:583)
at org.testng.internal.Invoker.invokeTestMethod(Invoker.java:719)
at org.testng.internal.Invoker.invokeTestMethods(Invoker.java:989)
at org.testng.internal.TestMethodWorker.invokeTestMethods(TestMethodWorker.java:125)
at org.testng.internal.TestMethodWorker.run(TestMethodWorker.java:109)
at org.testng.TestRunner.privateRun(TestRunner.java:648)
at org.testng.TestRunner.run(TestRunner.java:505)
at org.testng.SuiteRunner.runTest(SuiteRunner.java:455)
at org.testng.SuiteRunner.runSequentially(SuiteRunner.java:450)
at org.testng.SuiteRunner.privateRun(SuiteRunner.java:415)
at org.testng.SuiteRunner.run(SuiteRunner.java:364)
at org.testng.SuiteRunnerWorker.runSuite(SuiteRunnerWorker.java:52)
at org.testng.SuiteRunnerWorker.run(SuiteRunnerWorker.java:84)
at org.testng.TestNG.runSuitesSequentially(TestNG.java:1208)
at org.testng.TestNG.runSuitesLocally(TestNG.java:1137)
at org.testng.TestNG.runSuites(TestNG.java:1049)
at org.testng.TestNG.run(TestNG.java:1017)
at org.testng.remote.AbstractRemoteTestNG.run(AbstractRemoteTestNG.java:115)
at org.testng.remote.RemoteTestNG.initAndRun(RemoteTestNG.java:251)
at org.testng.remote.RemoteTestNG.main(RemoteTestNG.java:77)
Caused by: org.openqa.selenium.NoSuchElementException: no such element: Unable to locate element: {"method":"xpath","selector":"//*[@class='alert-general-error ng-star-inserted']"}
  (Session info: chrome=84.0.4147.105)
For documentation on this error, please visit: https://www.seleniumhq.org/exceptions/no_such_element.html
Build info: version: '3.141.59', revision: 'e82be7d358', time: '2018-11-14T08:25:53'
System info: host: 'DESKTOP-2GL04DH', ip: '192.168.5.122', os.name: 'Windows 10', os.arch: 'amd64', os.version: '10.0', java.version: '1.8.0_251'
Driver info: org.openqa.selenium.chrome.ChromeDriver
Capabilities {acceptInsecureCerts: false, browserName: chrome, browserVersion: 84.0.4147.105, chrome: {chromedriverVersion: 84.0.4147.30 (48b3e868b4cc0..., userDataDir: C:\Users\pavil\AppData\Loca...}, goog:chromeOptions: {debuggerAddress: localhost:62417}, javascriptEnabled: true, networkConnectionEnabled: false, pageLoadStrategy: normal, platform: WINDOWS, platformName: WINDOWS, proxy: Proxy(), setWindowRect: true, strictFileInteractability: false, timeouts: {implicit: 0, pageLoad: 300000, script: 30000}, unhandledPromptBehavior: dismiss and notify, webauthn:virtualAuthenticators: true}
Session ID: f0ca6b200884c0447c030ceb54e8a52a
*** Element info: {Using=xpath, value=//*[@class='alert-general-error ng-star-inserted']}
at sun.reflect.GeneratedConstructorAccessor14.newInstance(Unknown Source)
at sun.reflect.DelegatingConstructorAccessorImpl.newInstance(Unknown Source)
at java.lang.reflect.Constructor.newInstance(Unknown Source)
at org.openqa.selenium.remote.http.W3CHttpResponseCodec.createException(W3CHttpResponseCodec.java:187)
at org.openqa.selenium.remote.http.W3CHttpResponseCodec.decode(W3CHttpResponseCodec.java:122)
at org.openqa.selenium.remote.http.W3CHttpResponseCodec.decode(W3CHttpResponseCodec.java:49)
at org.openqa.selenium.remote.HttpCommandExecutor.execute(HttpCommandExecutor.java:158)
at org.openqa.selenium.remote.service.DriverCommandExecutor.execute(DriverCommandExecutor.java:83)
at org.openqa.selenium.remote.RemoteWebDriver.execute(RemoteWebDriver.java:552)
at org.openqa.selenium.remote.RemoteWebDriver.findElement(RemoteWebDriver.java:323)
at org.openqa.selenium.remote.RemoteWebDriver.findElementByXPath(RemoteWebDriver.java:428)
at org.openqa.selenium.By$ByXPath.findElement(By.java:353)
at org.openqa.selenium.remote.RemoteWebDriver.findElement(RemoteWebDriver.java:315)
at org.openqa.selenium.support.ui.ExpectedConditions$7.apply(ExpectedConditions.java:205)
at org.openqa.selenium.support.ui.ExpectedConditions$7.apply(ExpectedConditions.java:201)
at org.openqa.selenium.support.ui.FluentWait.until(FluentWait.java:249)
... 26 more
]]>
            </full-stacktrace>
          </exception> <!-- org.openqa.selenium.TimeoutException -->
          <reporter-output>
          </reporter-output>
        </test-method> <!-- IsNotRegistWithoutComfEmail -->
        <test-method status="PASS" signature="afterTest()[pri:0, instance:com.softserve.edu.junit.LVTAQC_42_test@77caeb3e]" name="afterTest" is-config="true" duration-ms="622" started-at="2020-08-04T19:57:59Z" finished-at="2020-08-04T19:57:59Z">
          <reporter-output>
          </reporter-output>
        </test-method> <!-- afterTest -->
        <test-method status="PASS" signature="afterTest()[pri:0, instance:com.softserve.edu.junit.LVTAQC_46_test@1e88b3c]" name="afterTest" is-config="true" duration-ms="610" started-at="2020-08-04T19:57:59Z" finished-at="2020-08-04T19:58:00Z">
          <reporter-output>
          </reporter-output>
        </test-method> <!-- afterTest -->
        <test-method status="PASS" signature="afterTest()[pri:0, instance:com.softserve.edu.junit.LVTAQC_61_test@42d80b78]" name="afterTest" is-config="true" duration-ms="608" started-at="2020-08-04T19:58:00Z" finished-at="2020-08-04T19:58:01Z">
          <reporter-output>
          </reporter-output>
        </test-method> <!-- afterTest -->
      </class> <!-- com.softserve.edu.junit.LVTAQC_42_test -->
      <class name="com.softserve.edu.junit.LVTAQC_46_test">
        <test-method status="PASS" signature="appSetup()[pri:0, instance:com.softserve.edu.junit.LVTAQC_46_test@1e88b3c]" name="appSetup" is-config="true" duration-ms="2723" started-at="2020-08-04T19:57:46Z" finished-at="2020-08-04T19:57:49Z">
          <reporter-output>
          </reporter-output>
        </test-method> <!-- appSetup -->
        <test-method status="PASS" signature="checkLogInwithInValidPassword(com.softserve.edu.User)[pri:0, instance:com.softserve.edu.junit.LVTAQC_46_test@1e88b3c]" name="checkLogInwithInValidPassword" duration-ms="876" started-at="2020-08-04T19:57:49Z" data-provider="inValidPasswordDP" finished-at="2020-08-04T19:57:50Z">
          <params>
            <param index="0">
              <value>
                <![CDATA[com.softserve.edu.User@1f9d6c7b]]>
              </value>
            </param>
          </params>
          <reporter-output>
          </reporter-output>
        </test-method> <!-- checkLogInwithInValidPassword -->
        <test-method status="FAIL" signature="checkLogInwithInValidPassword(com.softserve.edu.User)[pri:0, instance:com.softserve.edu.junit.LVTAQC_46_test@1e88b3c]" name="checkLogInwithInValidPassword" duration-ms="1056" started-at="2020-08-04T19:57:50Z" data-provider="inValidPasswordDP" finished-at="2020-08-04T19:57:51Z">
          <params>
            <param index="0">
              <value>
                <![CDATA[com.softserve.edu.User@6b04acb2]]>
              </value>
            </param>
          </params>
          <exception class="org.openqa.selenium.ElementClickInterceptedException">
            <message>
              <![CDATA[element click intercepted: Element <span _ngcontent-frq-c2="">...</span> is not clickable at point (1816, 27). Other element would receive the click: <div class="cdk-overlay-backdrop cdk-overlay-dark-backdrop cdk-overlay-backdrop-showing"></div>
  (Session info: chrome=84.0.4147.105)
Build info: version: '3.141.59', revision: 'e82be7d358', time: '2018-11-14T08:25:53'
System info: host: 'DESKTOP-2GL04DH', ip: '192.168.5.122', os.name: 'Windows 10', os.arch: 'amd64', os.version: '10.0', java.version: '1.8.0_251'
Driver info: org.openqa.selenium.chrome.ChromeDriver
Capabilities {acceptInsecureCerts: false, browserName: chrome, browserVersion: 84.0.4147.105, chrome: {chromedriverVersion: 84.0.4147.30 (48b3e868b4cc0..., userDataDir: C:\Users\pavil\AppData\Loca...}, goog:chromeOptions: {debuggerAddress: localhost:62430}, javascriptEnabled: true, networkConnectionEnabled: false, pageLoadStrategy: normal, platform: WINDOWS, platformName: WINDOWS, proxy: Proxy(), setWindowRect: true, strictFileInteractability: false, timeouts: {implicit: 0, pageLoad: 300000, script: 30000}, unhandledPromptBehavior: dismiss and notify, webauthn:virtualAuthenticators: true}
Session ID: 0377c137d970858baae25722adc4c088]]>
            </message>
            <full-stacktrace>
              <![CDATA[org.openqa.selenium.ElementClickInterceptedException: element click intercepted: Element <span _ngcontent-frq-c2="">...</span> is not clickable at point (1816, 27). Other element would receive the click: <div class="cdk-overlay-backdrop cdk-overlay-dark-backdrop cdk-overlay-backdrop-showing"></div>
  (Session info: chrome=84.0.4147.105)
Build info: version: '3.141.59', revision: 'e82be7d358', time: '2018-11-14T08:25:53'
System info: host: 'DESKTOP-2GL04DH', ip: '192.168.5.122', os.name: 'Windows 10', os.arch: 'amd64', os.version: '10.0', java.version: '1.8.0_251'
Driver info: org.openqa.selenium.chrome.ChromeDriver
Capabilities {acceptInsecureCerts: false, browserName: chrome, browserVersion: 84.0.4147.105, chrome: {chromedriverVersion: 84.0.4147.30 (48b3e868b4cc0..., userDataDir: C:\Users\pavil\AppData\Loca...}, goog:chromeOptions: {debuggerAddress: localhost:62430}, javascriptEnabled: true, networkConnectionEnabled: false, pageLoadStrategy: normal, platform: WINDOWS, platformName: WINDOWS, proxy: Proxy(), setWindowRect: true, strictFileInteractability: false, timeouts: {implicit: 0, pageLoad: 300000, script: 30000}, unhandledPromptBehavior: dismiss and notify, webauthn:virtualAuthenticators: true}
Session ID: 0377c137d970858baae25722adc4c088
at sun.reflect.NativeConstructorAccessorImpl.newInstance0(Native Method)
at sun.reflect.NativeConstructorAccessorImpl.newInstance(Unknown Source)
at sun.reflect.DelegatingConstructorAccessorImpl.newInstance(Unknown Source)
at java.lang.reflect.Constructor.newInstance(Unknown Source)
at org.openqa.selenium.remote.http.W3CHttpResponseCodec.createException(W3CHttpResponseCodec.java:187)
at org.openqa.selenium.remote.http.W3CHttpResponseCodec.decode(W3CHttpResponseCodec.java:122)
at org.openqa.selenium.remote.http.W3CHttpResponseCodec.decode(W3CHttpResponseCodec.java:49)
at org.openqa.selenium.remote.HttpCommandExecutor.execute(HttpCommandExecutor.java:158)
at org.openqa.selenium.remote.service.DriverCommandExecutor.execute(DriverCommandExecutor.java:83)
at org.openqa.selenium.remote.RemoteWebDriver.execute(RemoteWebDriver.java:552)
at org.openqa.selenium.remote.RemoteWebElement.execute(RemoteWebElement.java:285)
at org.openqa.selenium.remote.RemoteWebElement.click(RemoteWebElement.java:84)
at com.softserve.edu.HomePage.clickOnSingUpButton(HomePage.java:25)
at com.softserve.edu.junit.LVTAQC_46_test.checkLogInwithInValidPassword(LVTAQC_46_test.java:66)
at sun.reflect.NativeMethodAccessorImpl.invoke0(Native Method)
at sun.reflect.NativeMethodAccessorImpl.invoke(Unknown Source)
at sun.reflect.DelegatingMethodAccessorImpl.invoke(Unknown Source)
at java.lang.reflect.Method.invoke(Unknown Source)
at org.testng.internal.MethodInvocationHelper.invokeMethod(MethodInvocationHelper.java:124)
at org.testng.internal.Invoker.invokeMethod(Invoker.java:583)
at org.testng.internal.Invoker.invokeTestMethod(Invoker.java:719)
at org.testng.internal.Invoker.invokeTestMethods(Invoker.java:989)
at org.testng.internal.TestMethodWorker.invokeTestMethods(TestMethodWorker.java:125)
at org.testng.internal.TestMethodWorker.run(TestMethodWorker.java:109)
at org.testng.TestRunner.privateRun(TestRunner.java:648)
at org.testng.TestRunner.run(TestRunner.java:505)
at org.testng.SuiteRunner.runTest(SuiteRunner.java:455)
at org.testng.SuiteRunner.runSequentially(SuiteRunner.java:450)
at org.testng.SuiteRunner.privateRun(SuiteRunner.java:415)
at org.testng.SuiteRunner.run(SuiteRunner.java:364)
at org.testng.SuiteRunnerWorker.runSuite(SuiteRunnerWorker.java:52)
at org.testng.SuiteRunnerWorker.run(SuiteRunnerWorker.java:84)
at org.testng.TestNG.runSuitesSequentially(TestNG.java:1208)
at org.testng.TestNG.runSuitesLocally(TestNG.java:1137)
at org.testng.TestNG.runSuites(TestNG.java:1049)
at org.testng.TestNG.run(TestNG.java:1017)
at org.testng.remote.AbstractRemoteTestNG.run(AbstractRemoteTestNG.java:115)
at org.testng.remote.RemoteTestNG.initAndRun(RemoteTestNG.java:251)
at org.testng.remote.RemoteTestNG.main(RemoteTestNG.java:77)
]]>
            </full-stacktrace>
          </exception> <!-- org.openqa.selenium.ElementClickInterceptedException -->
          <reporter-output>
          </reporter-output>
        </test-method> <!-- checkLogInwithInValidPassword -->
        <test-method status="FAIL" signature="checkLogInwithInValidPassword(com.softserve.edu.User)[pri:0, instance:com.softserve.edu.junit.LVTAQC_46_test@1e88b3c]" name="checkLogInwithInValidPassword" duration-ms="1090" started-at="2020-08-04T19:57:51Z" data-provider="inValidPasswordDP" finished-at="2020-08-04T19:57:52Z">
          <params>
            <param index="0">
              <value>
                <![CDATA[com.softserve.edu.User@54acff7d]]>
              </value>
            </param>
          </params>
          <exception class="org.openqa.selenium.ElementClickInterceptedException">
            <message>
              <![CDATA[element click intercepted: Element <span _ngcontent-frq-c2="">...</span> is not clickable at point (1816, 27). Other element would receive the click: <div class="cdk-overlay-backdrop cdk-overlay-dark-backdrop cdk-overlay-backdrop-showing"></div>
  (Session info: chrome=84.0.4147.105)
Build info: version: '3.141.59', revision: 'e82be7d358', time: '2018-11-14T08:25:53'
System info: host: 'DESKTOP-2GL04DH', ip: '192.168.5.122', os.name: 'Windows 10', os.arch: 'amd64', os.version: '10.0', java.version: '1.8.0_251'
Driver info: org.openqa.selenium.chrome.ChromeDriver
Capabilities {acceptInsecureCerts: false, browserName: chrome, browserVersion: 84.0.4147.105, chrome: {chromedriverVersion: 84.0.4147.30 (48b3e868b4cc0..., userDataDir: C:\Users\pavil\AppData\Loca...}, goog:chromeOptions: {debuggerAddress: localhost:62430}, javascriptEnabled: true, networkConnectionEnabled: false, pageLoadStrategy: normal, platform: WINDOWS, platformName: WINDOWS, proxy: Proxy(), setWindowRect: true, strictFileInteractability: false, timeouts: {implicit: 0, pageLoad: 300000, script: 30000}, unhandledPromptBehavior: dismiss and notify, webauthn:virtualAuthenticators: true}
Session ID: 0377c137d970858baae25722adc4c088]]>
            </message>
            <full-stacktrace>
              <![CDATA[org.openqa.selenium.ElementClickInterceptedException: element click intercepted: Element <span _ngcontent-frq-c2="">...</span> is not clickable at point (1816, 27). Other element would receive the click: <div class="cdk-overlay-backdrop cdk-overlay-dark-backdrop cdk-overlay-backdrop-showing"></div>
  (Session info: chrome=84.0.4147.105)
Build info: version: '3.141.59', revision: 'e82be7d358', time: '2018-11-14T08:25:53'
System info: host: 'DESKTOP-2GL04DH', ip: '192.168.5.122', os.name: 'Windows 10', os.arch: 'amd64', os.version: '10.0', java.version: '1.8.0_251'
Driver info: org.openqa.selenium.chrome.ChromeDriver
Capabilities {acceptInsecureCerts: false, browserName: chrome, browserVersion: 84.0.4147.105, chrome: {chromedriverVersion: 84.0.4147.30 (48b3e868b4cc0..., userDataDir: C:\Users\pavil\AppData\Loca...}, goog:chromeOptions: {debuggerAddress: localhost:62430}, javascriptEnabled: true, networkConnectionEnabled: false, pageLoadStrategy: normal, platform: WINDOWS, platformName: WINDOWS, proxy: Proxy(), setWindowRect: true, strictFileInteractability: false, timeouts: {implicit: 0, pageLoad: 300000, script: 30000}, unhandledPromptBehavior: dismiss and notify, webauthn:virtualAuthenticators: true}
Session ID: 0377c137d970858baae25722adc4c088
at sun.reflect.NativeConstructorAccessorImpl.newInstance0(Native Method)
at sun.reflect.NativeConstructorAccessorImpl.newInstance(Unknown Source)
at sun.reflect.DelegatingConstructorAccessorImpl.newInstance(Unknown Source)
at java.lang.reflect.Constructor.newInstance(Unknown Source)
at org.openqa.selenium.remote.http.W3CHttpResponseCodec.createException(W3CHttpResponseCodec.java:187)
at org.openqa.selenium.remote.http.W3CHttpResponseCodec.decode(W3CHttpResponseCodec.java:122)
at org.openqa.selenium.remote.http.W3CHttpResponseCodec.decode(W3CHttpResponseCodec.java:49)
at org.openqa.selenium.remote.HttpCommandExecutor.execute(HttpCommandExecutor.java:158)
at org.openqa.selenium.remote.service.DriverCommandExecutor.execute(DriverCommandExecutor.java:83)
at org.openqa.selenium.remote.RemoteWebDriver.execute(RemoteWebDriver.java:552)
at org.openqa.selenium.remote.RemoteWebElement.execute(RemoteWebElement.java:285)
at org.openqa.selenium.remote.RemoteWebElement.click(RemoteWebElement.java:84)
at com.softserve.edu.HomePage.clickOnSingUpButton(HomePage.java:25)
at com.softserve.edu.junit.LVTAQC_46_test.checkLogInwithInValidPassword(LVTAQC_46_test.java:66)
at sun.reflect.NativeMethodAccessorImpl.invoke0(Native Method)
at sun.reflect.NativeMethodAccessorImpl.invoke(Unknown Source)
at sun.reflect.DelegatingMethodAccessorImpl.invoke(Unknown Source)
at java.lang.reflect.Method.invoke(Unknown Source)
at org.testng.internal.MethodInvocationHelper.invokeMethod(MethodInvocationHelper.java:124)
at org.testng.internal.Invoker.invokeMethod(Invoker.java:583)
at org.testng.internal.Invoker.invokeTestMethod(Invoker.java:719)
at org.testng.internal.Invoker.invokeTestMethods(Invoker.java:989)
at org.testng.internal.TestMethodWorker.invokeTestMethods(TestMethodWorker.java:125)
at org.testng.internal.TestMethodWorker.run(TestMethodWorker.java:109)
at org.testng.TestRunner.privateRun(TestRunner.java:648)
at org.testng.TestRunner.run(TestRunner.java:505)
at org.testng.SuiteRunner.runTest(SuiteRunner.java:455)
at org.testng.SuiteRunner.runSequentially(SuiteRunner.java:450)
at org.testng.SuiteRunner.privateRun(SuiteRunner.java:415)
at org.testng.SuiteRunner.run(SuiteRunner.java:364)
at org.testng.SuiteRunnerWorker.runSuite(SuiteRunnerWorker.java:52)
at org.testng.SuiteRunnerWorker.run(SuiteRunnerWorker.java:84)
at org.testng.TestNG.runSuitesSequentially(TestNG.java:1208)
at org.testng.TestNG.runSuitesLocally(TestNG.java:1137)
at org.testng.TestNG.runSuites(TestNG.java:1049)
at org.testng.TestNG.run(TestNG.java:1017)
at org.testng.remote.AbstractRemoteTestNG.run(AbstractRemoteTestNG.java:115)
at org.testng.remote.RemoteTestNG.initAndRun(RemoteTestNG.java:251)
at org.testng.remote.RemoteTestNG.main(RemoteTestNG.java:77)
]]>
            </full-stacktrace>
          </exception> <!-- org.openqa.selenium.ElementClickInterceptedException -->
          <reporter-output>
          </reporter-output>
        </test-method> <!-- checkLogInwithInValidPassword -->
        <test-method status="FAIL" signature="checkLogInwithInValidPassword(com.softserve.edu.User)[pri:0, instance:com.softserve.edu.junit.LVTAQC_46_test@1e88b3c]" name="checkLogInwithInValidPassword" duration-ms="1064" started-at="2020-08-04T19:57:52Z" data-provider="inValidPasswordDP" finished-at="2020-08-04T19:57:53Z">
          <params>
            <param index="0">
              <value>
                <![CDATA[com.softserve.edu.User@aa21042]]>
              </value>
            </param>
          </params>
          <exception class="org.openqa.selenium.ElementClickInterceptedException">
            <message>
              <![CDATA[element click intercepted: Element <span _ngcontent-frq-c2="">...</span> is not clickable at point (1816, 27). Other element would receive the click: <div class="cdk-overlay-backdrop cdk-overlay-dark-backdrop cdk-overlay-backdrop-showing"></div>
  (Session info: chrome=84.0.4147.105)
Build info: version: '3.141.59', revision: 'e82be7d358', time: '2018-11-14T08:25:53'
System info: host: 'DESKTOP-2GL04DH', ip: '192.168.5.122', os.name: 'Windows 10', os.arch: 'amd64', os.version: '10.0', java.version: '1.8.0_251'
Driver info: org.openqa.selenium.chrome.ChromeDriver
Capabilities {acceptInsecureCerts: false, browserName: chrome, browserVersion: 84.0.4147.105, chrome: {chromedriverVersion: 84.0.4147.30 (48b3e868b4cc0..., userDataDir: C:\Users\pavil\AppData\Loca...}, goog:chromeOptions: {debuggerAddress: localhost:62430}, javascriptEnabled: true, networkConnectionEnabled: false, pageLoadStrategy: normal, platform: WINDOWS, platformName: WINDOWS, proxy: Proxy(), setWindowRect: true, strictFileInteractability: false, timeouts: {implicit: 0, pageLoad: 300000, script: 30000}, unhandledPromptBehavior: dismiss and notify, webauthn:virtualAuthenticators: true}
Session ID: 0377c137d970858baae25722adc4c088]]>
            </message>
            <full-stacktrace>
              <![CDATA[org.openqa.selenium.ElementClickInterceptedException: element click intercepted: Element <span _ngcontent-frq-c2="">...</span> is not clickable at point (1816, 27). Other element would receive the click: <div class="cdk-overlay-backdrop cdk-overlay-dark-backdrop cdk-overlay-backdrop-showing"></div>
  (Session info: chrome=84.0.4147.105)
Build info: version: '3.141.59', revision: 'e82be7d358', time: '2018-11-14T08:25:53'
System info: host: 'DESKTOP-2GL04DH', ip: '192.168.5.122', os.name: 'Windows 10', os.arch: 'amd64', os.version: '10.0', java.version: '1.8.0_251'
Driver info: org.openqa.selenium.chrome.ChromeDriver
Capabilities {acceptInsecureCerts: false, browserName: chrome, browserVersion: 84.0.4147.105, chrome: {chromedriverVersion: 84.0.4147.30 (48b3e868b4cc0..., userDataDir: C:\Users\pavil\AppData\Loca...}, goog:chromeOptions: {debuggerAddress: localhost:62430}, javascriptEnabled: true, networkConnectionEnabled: false, pageLoadStrategy: normal, platform: WINDOWS, platformName: WINDOWS, proxy: Proxy(), setWindowRect: true, strictFileInteractability: false, timeouts: {implicit: 0, pageLoad: 300000, script: 30000}, unhandledPromptBehavior: dismiss and notify, webauthn:virtualAuthenticators: true}
Session ID: 0377c137d970858baae25722adc4c088
at sun.reflect.NativeConstructorAccessorImpl.newInstance0(Native Method)
at sun.reflect.NativeConstructorAccessorImpl.newInstance(Unknown Source)
at sun.reflect.DelegatingConstructorAccessorImpl.newInstance(Unknown Source)
at java.lang.reflect.Constructor.newInstance(Unknown Source)
at org.openqa.selenium.remote.http.W3CHttpResponseCodec.createException(W3CHttpResponseCodec.java:187)
at org.openqa.selenium.remote.http.W3CHttpResponseCodec.decode(W3CHttpResponseCodec.java:122)
at org.openqa.selenium.remote.http.W3CHttpResponseCodec.decode(W3CHttpResponseCodec.java:49)
at org.openqa.selenium.remote.HttpCommandExecutor.execute(HttpCommandExecutor.java:158)
at org.openqa.selenium.remote.service.DriverCommandExecutor.execute(DriverCommandExecutor.java:83)
at org.openqa.selenium.remote.RemoteWebDriver.execute(RemoteWebDriver.java:552)
at org.openqa.selenium.remote.RemoteWebElement.execute(RemoteWebElement.java:285)
at org.openqa.selenium.remote.RemoteWebElement.click(RemoteWebElement.java:84)
at com.softserve.edu.HomePage.clickOnSingUpButton(HomePage.java:25)
at com.softserve.edu.junit.LVTAQC_46_test.checkLogInwithInValidPassword(LVTAQC_46_test.java:66)
at sun.reflect.NativeMethodAccessorImpl.invoke0(Native Method)
at sun.reflect.NativeMethodAccessorImpl.invoke(Unknown Source)
at sun.reflect.DelegatingMethodAccessorImpl.invoke(Unknown Source)
at java.lang.reflect.Method.invoke(Unknown Source)
at org.testng.internal.MethodInvocationHelper.invokeMethod(MethodInvocationHelper.java:124)
at org.testng.internal.Invoker.invokeMethod(Invoker.java:583)
at org.testng.internal.Invoker.invokeTestMethod(Invoker.java:719)
at org.testng.internal.Invoker.invokeTestMethods(Invoker.java:989)
at org.testng.internal.TestMethodWorker.invokeTestMethods(TestMethodWorker.java:125)
at org.testng.internal.TestMethodWorker.run(TestMethodWorker.java:109)
at org.testng.TestRunner.privateRun(TestRunner.java:648)
at org.testng.TestRunner.run(TestRunner.java:505)
at org.testng.SuiteRunner.runTest(SuiteRunner.java:455)
at org.testng.SuiteRunner.runSequentially(SuiteRunner.java:450)
at org.testng.SuiteRunner.privateRun(SuiteRunner.java:415)
at org.testng.SuiteRunner.run(SuiteRunner.java:364)
at org.testng.SuiteRunnerWorker.runSuite(SuiteRunnerWorker.java:52)
at org.testng.SuiteRunnerWorker.run(SuiteRunnerWorker.java:84)
at org.testng.TestNG.runSuitesSequentially(TestNG.java:1208)
at org.testng.TestNG.runSuitesLocally(TestNG.java:1137)
at org.testng.TestNG.runSuites(TestNG.java:1049)
at org.testng.TestNG.run(TestNG.java:1017)
at org.testng.remote.AbstractRemoteTestNG.run(AbstractRemoteTestNG.java:115)
at org.testng.remote.RemoteTestNG.initAndRun(RemoteTestNG.java:251)
at org.testng.remote.RemoteTestNG.main(RemoteTestNG.java:77)
]]>
            </full-stacktrace>
          </exception> <!-- org.openqa.selenium.ElementClickInterceptedException -->
          <reporter-output>
          </reporter-output>
        </test-method> <!-- checkLogInwithInValidPassword -->
        <test-method status="FAIL" signature="checkLogInwithInValidPassword(com.softserve.edu.User)[pri:0, instance:com.softserve.edu.junit.LVTAQC_46_test@1e88b3c]" name="checkLogInwithInValidPassword" duration-ms="1096" started-at="2020-08-04T19:57:53Z" data-provider="inValidPasswordDP" finished-at="2020-08-04T19:57:54Z">
          <params>
            <param index="0">
              <value>
                <![CDATA[com.softserve.edu.User@41d7b27f]]>
              </value>
            </param>
          </params>
          <exception class="org.openqa.selenium.ElementClickInterceptedException">
            <message>
              <![CDATA[element click intercepted: Element <span _ngcontent-frq-c2="">...</span> is not clickable at point (1816, 27). Other element would receive the click: <div class="cdk-overlay-backdrop cdk-overlay-dark-backdrop cdk-overlay-backdrop-showing"></div>
  (Session info: chrome=84.0.4147.105)
Build info: version: '3.141.59', revision: 'e82be7d358', time: '2018-11-14T08:25:53'
System info: host: 'DESKTOP-2GL04DH', ip: '192.168.5.122', os.name: 'Windows 10', os.arch: 'amd64', os.version: '10.0', java.version: '1.8.0_251'
Driver info: org.openqa.selenium.chrome.ChromeDriver
Capabilities {acceptInsecureCerts: false, browserName: chrome, browserVersion: 84.0.4147.105, chrome: {chromedriverVersion: 84.0.4147.30 (48b3e868b4cc0..., userDataDir: C:\Users\pavil\AppData\Loca...}, goog:chromeOptions: {debuggerAddress: localhost:62430}, javascriptEnabled: true, networkConnectionEnabled: false, pageLoadStrategy: normal, platform: WINDOWS, platformName: WINDOWS, proxy: Proxy(), setWindowRect: true, strictFileInteractability: false, timeouts: {implicit: 0, pageLoad: 300000, script: 30000}, unhandledPromptBehavior: dismiss and notify, webauthn:virtualAuthenticators: true}
Session ID: 0377c137d970858baae25722adc4c088]]>
            </message>
            <full-stacktrace>
              <![CDATA[org.openqa.selenium.ElementClickInterceptedException: element click intercepted: Element <span _ngcontent-frq-c2="">...</span> is not clickable at point (1816, 27). Other element would receive the click: <div class="cdk-overlay-backdrop cdk-overlay-dark-backdrop cdk-overlay-backdrop-showing"></div>
  (Session info: chrome=84.0.4147.105)
Build info: version: '3.141.59', revision: 'e82be7d358', time: '2018-11-14T08:25:53'
System info: host: 'DESKTOP-2GL04DH', ip: '192.168.5.122', os.name: 'Windows 10', os.arch: 'amd64', os.version: '10.0', java.version: '1.8.0_251'
Driver info: org.openqa.selenium.chrome.ChromeDriver
Capabilities {acceptInsecureCerts: false, browserName: chrome, browserVersion: 84.0.4147.105, chrome: {chromedriverVersion: 84.0.4147.30 (48b3e868b4cc0..., userDataDir: C:\Users\pavil\AppData\Loca...}, goog:chromeOptions: {debuggerAddress: localhost:62430}, javascriptEnabled: true, networkConnectionEnabled: false, pageLoadStrategy: normal, platform: WINDOWS, platformName: WINDOWS, proxy: Proxy(), setWindowRect: true, strictFileInteractability: false, timeouts: {implicit: 0, pageLoad: 300000, script: 30000}, unhandledPromptBehavior: dismiss and notify, webauthn:virtualAuthenticators: true}
Session ID: 0377c137d970858baae25722adc4c088
at sun.reflect.NativeConstructorAccessorImpl.newInstance0(Native Method)
at sun.reflect.NativeConstructorAccessorImpl.newInstance(Unknown Source)
at sun.reflect.DelegatingConstructorAccessorImpl.newInstance(Unknown Source)
at java.lang.reflect.Constructor.newInstance(Unknown Source)
at org.openqa.selenium.remote.http.W3CHttpResponseCodec.createException(W3CHttpResponseCodec.java:187)
at org.openqa.selenium.remote.http.W3CHttpResponseCodec.decode(W3CHttpResponseCodec.java:122)
at org.openqa.selenium.remote.http.W3CHttpResponseCodec.decode(W3CHttpResponseCodec.java:49)
at org.openqa.selenium.remote.HttpCommandExecutor.execute(HttpCommandExecutor.java:158)
at org.openqa.selenium.remote.service.DriverCommandExecutor.execute(DriverCommandExecutor.java:83)
at org.openqa.selenium.remote.RemoteWebDriver.execute(RemoteWebDriver.java:552)
at org.openqa.selenium.remote.RemoteWebElement.execute(RemoteWebElement.java:285)
at org.openqa.selenium.remote.RemoteWebElement.click(RemoteWebElement.java:84)
at com.softserve.edu.HomePage.clickOnSingUpButton(HomePage.java:25)
at com.softserve.edu.junit.LVTAQC_46_test.checkLogInwithInValidPassword(LVTAQC_46_test.java:66)
at sun.reflect.NativeMethodAccessorImpl.invoke0(Native Method)
at sun.reflect.NativeMethodAccessorImpl.invoke(Unknown Source)
at sun.reflect.DelegatingMethodAccessorImpl.invoke(Unknown Source)
at java.lang.reflect.Method.invoke(Unknown Source)
at org.testng.internal.MethodInvocationHelper.invokeMethod(MethodInvocationHelper.java:124)
at org.testng.internal.Invoker.invokeMethod(Invoker.java:583)
at org.testng.internal.Invoker.invokeTestMethod(Invoker.java:719)
at org.testng.internal.Invoker.invokeTestMethods(Invoker.java:989)
at org.testng.internal.TestMethodWorker.invokeTestMethods(TestMethodWorker.java:125)
at org.testng.internal.TestMethodWorker.run(TestMethodWorker.java:109)
at org.testng.TestRunner.privateRun(TestRunner.java:648)
at org.testng.TestRunner.run(TestRunner.java:505)
at org.testng.SuiteRunner.runTest(SuiteRunner.java:455)
at org.testng.SuiteRunner.runSequentially(SuiteRunner.java:450)
at org.testng.SuiteRunner.privateRun(SuiteRunner.java:415)
at org.testng.SuiteRunner.run(SuiteRunner.java:364)
at org.testng.SuiteRunnerWorker.runSuite(SuiteRunnerWorker.java:52)
at org.testng.SuiteRunnerWorker.run(SuiteRunnerWorker.java:84)
at org.testng.TestNG.runSuitesSequentially(TestNG.java:1208)
at org.testng.TestNG.runSuitesLocally(TestNG.java:1137)
at org.testng.TestNG.runSuites(TestNG.java:1049)
at org.testng.TestNG.run(TestNG.java:1017)
at org.testng.remote.AbstractRemoteTestNG.run(AbstractRemoteTestNG.java:115)
at org.testng.remote.RemoteTestNG.initAndRun(RemoteTestNG.java:251)
at org.testng.remote.RemoteTestNG.main(RemoteTestNG.java:77)
]]>
            </full-stacktrace>
          </exception> <!-- org.openqa.selenium.ElementClickInterceptedException -->
          <reporter-output>
          </reporter-output>
        </test-method> <!-- checkLogInwithInValidPassword -->
      </class> <!-- com.softserve.edu.junit.LVTAQC_46_test -->
      <class name="com.softserve.edu.junit.LVTAQC_61_test">
        <test-method status="PASS" signature="appSetup()[pri:0, instance:com.softserve.edu.junit.LVTAQC_61_test@42d80b78]" name="appSetup" is-config="true" duration-ms="2974" started-at="2020-08-04T19:57:54Z" finished-at="2020-08-04T19:57:57Z">
          <reporter-output>
          </reporter-output>
        </test-method> <!-- appSetup -->
        <test-method status="PASS" signature="SuccessSignUp()[pri:0, instance:com.softserve.edu.junit.LVTAQC_61_test@42d80b78]" name="SuccessSignUp" duration-ms="1889" started-at="2020-08-04T19:57:57Z" finished-at="2020-08-04T19:57:59Z">
          <reporter-output>
          </reporter-output>
        </test-method> <!-- SuccessSignUp -->
      </class> <!-- com.softserve.edu.junit.LVTAQC_61_test -->
    </test> <!-- ChromeTest -->
  </suite> <!-- Suite -->
</testng-results>
